<?xml version="1.0" encoding="UTF-8"?>
<!-- Generated by org.testng.reporters.JUnitXMLReporter -->
<testsuite ignored="0" hostname="Ronak" failures="2" tests="8" name="Test" time="100.143" errors="0" timestamp="2025-07-29T14:20:44 IST">
  <testcase classname="testCases.TC_RF_001" name="testReg" time="7.595"/>
  <testcase classname="testCases.TC_RF_006" name="testRegWithNo" time="7.964"/>
  <testcase classname="testCases.TC_RF_013" name="testFieldPlaceholders" time="0.788"/>
  <testcase classname="testCases.TC002_LoginTest" name="testLogin" time="1.632"/>
  <testcase classname="testCases.TC003_LoginDatadrivenTest" name="dataDrivenTest" time="2.518"/>
  <testcase classname="testCases.TC003_LoginDatadrivenTest" name="dataDrivenTest" time="14.38">
    <failure type="java.lang.AssertionError" message="expected [true] but found [false]">
      <![CDATA[java.lang.AssertionError: expected [true] but found [false]
at testCases.TC003_LoginDatadrivenTest.dataDrivenTest(TC003_LoginDatadrivenTest.java:56)
at java.base/java.util.ArrayList.forEach(ArrayList.java:1596)
... Removed 29 stack frames]]>
    </failure>
  </testcase> <!-- dataDrivenTest -->
  <testcase classname="testCases.TC003_LoginDatadrivenTest" name="dataDrivenTest" time="12.832">
    <failure type="java.lang.AssertionError" message="expected [true] but found [false]">
      <![CDATA[java.lang.AssertionError: expected [true] but found [false]
at testCases.TC003_LoginDatadrivenTest.dataDrivenTest(TC003_LoginDatadrivenTest.java:56)
at java.base/java.util.ArrayList.forEach(ArrayList.java:1596)
... Removed 29 stack frames]]>
    </failure>
  </testcase> <!-- dataDrivenTest -->
  <testcase classname="testCases.TC003_LoginDatadrivenTest" name="dataDrivenTest" time="9.454"/>
</testsuite> <!-- Test -->
