<?xml version="1.0" encoding="UTF-8"?>
<testng-results ignored="0" total="4" passed="2" failed="2" skipped="0">
  <reporter-output>
  </reporter-output>
  <suite started-at="2025-08-02T20:57:21 IST" name="Master Suite" finished-at="2025-08-02T20:58:24 IST" duration-ms="63745">
    <groups>
      <group name="Datadriven">
        <method signature="TC003_LoginDatadriven_Factory.dataDrivenTest()[pri:0, instance:testCases.TC003_LoginDatadriven_Factory@1059754c, instance params:[]]" name="dataDrivenTest" class="testCases.TC003_LoginDatadriven_Factory"/>
        <method signature="TC003_LoginDatadriven_Factory.dataDrivenTest()[pri:0, instance:testCases.TC003_LoginDatadriven_Factory@48e7b3d2, instance params:[]]" name="dataDrivenTest" class="testCases.TC003_LoginDatadriven_Factory"/>
        <method signature="TC003_LoginDatadriven_Factory.dataDrivenTest()[pri:0, instance:testCases.TC003_LoginDatadriven_Factory@78f9ed3e, instance params:[]]" name="dataDrivenTest" class="testCases.TC003_LoginDatadriven_Factory"/>
        <method signature="TC003_LoginDatadriven_Factory.dataDrivenTest()[pri:0, instance:testCases.TC003_LoginDatadriven_Factory@b0964b2, instance params:[]]" name="dataDrivenTest" class="testCases.TC003_LoginDatadriven_Factory"/>
      </group> <!-- Datadriven -->
    </groups>
    <test started-at="2025-08-02T20:57:21 IST" name="Test" finished-at="2025-08-02T20:58:24 IST" duration-ms="63745">
      <class name="testCases.TC003_LoginDatadriven_Factory">
        <test-method is-config="true" signature="setUp(java.lang.String,java.lang.String)[pri:0, instance:testCases.TC003_LoginDatadriven_Factory@1059754c, instance params:[]]" started-at="2025-08-02T20:57:21 IST" name="setUp" finished-at="2025-08-02T20:57:26 IST" duration-ms="5153" status="PASS">
          <params>
            <param index="0">
              <value>
                <![CDATA[Chrome]]>
              </value>
            </param>
            <param index="1">
              <value>
                <![CDATA[Linux]]>
              </value>
            </param>
          </params>
          <reporter-output>
          </reporter-output>
        </test-method> <!-- setUp -->
        <test-method signature="dataDrivenTest()[pri:0, instance:testCases.TC003_LoginDatadriven_Factory@1059754c, instance params:[]]" started-at="2025-08-02T20:57:26 IST" name="dataDrivenTest" finished-at="2025-08-02T20:57:38 IST" duration-ms="11416" status="FAIL">
          <exception class="java.lang.AssertionError">
            <message>
              <![CDATA[expected [true] but found [false]]]>
            </message>
            <full-stacktrace>
              <![CDATA[java.lang.AssertionError: expected [true] but found [false]
at org.testng.Assert.fail(Assert.java:111)
at org.testng.Assert.failNotEquals(Assert.java:1590)
at org.testng.Assert.assertTrue(Assert.java:57)
at org.testng.Assert.assertTrue(Assert.java:67)
at testCases.TC003_LoginDatadriven_Factory.dataDrivenTest(TC003_LoginDatadriven_Factory.java:55)
at java.base/jdk.internal.reflect.DirectMethodHandleAccessor.invoke(DirectMethodHandleAccessor.java:103)
at java.base/java.lang.reflect.Method.invoke(Method.java:580)
at org.testng.internal.invokers.MethodInvocationHelper.invokeMethod(MethodInvocationHelper.java:141)
at org.testng.internal.invokers.TestInvoker.invokeMethod(TestInvoker.java:687)
at org.testng.internal.invokers.TestInvoker.invokeTestMethod(TestInvoker.java:230)
at org.testng.internal.invokers.MethodRunner.runInSequence(MethodRunner.java:63)
at org.testng.internal.invokers.TestInvoker$MethodInvocationAgent.invoke(TestInvoker.java:995)
at org.testng.internal.invokers.TestInvoker.invokeTestMethods(TestInvoker.java:203)
at org.testng.internal.invokers.TestMethodWorker.invokeTestMethods(TestMethodWorker.java:154)
at org.testng.internal.invokers.TestMethodWorker.run(TestMethodWorker.java:134)
at java.base/java.util.ArrayList.forEach(ArrayList.java:1596)
at org.testng.TestRunner.privateRun(TestRunner.java:741)
at org.testng.TestRunner.run(TestRunner.java:616)
at org.testng.SuiteRunner.runTest(SuiteRunner.java:421)
at org.testng.SuiteRunner.runSequentially(SuiteRunner.java:413)
at org.testng.SuiteRunner.privateRun(SuiteRunner.java:373)
at org.testng.SuiteRunner.run(SuiteRunner.java:312)
at org.testng.SuiteRunnerWorker.runSuite(SuiteRunnerWorker.java:52)
at org.testng.SuiteRunnerWorker.run(SuiteRunnerWorker.java:95)
at org.testng.TestNG.runSuitesSequentially(TestNG.java:1274)
at org.testng.TestNG.runSuitesLocally(TestNG.java:1208)
at org.testng.TestNG.runSuites(TestNG.java:1112)
at org.testng.TestNG.run(TestNG.java:1079)
at org.testng.remote.AbstractRemoteTestNG.run(AbstractRemoteTestNG.java:115)
at org.testng.remote.RemoteTestNG.initAndRun(RemoteTestNG.java:293)
at org.testng.remote.RemoteTestNG.main(RemoteTestNG.java:91)
]]>
            </full-stacktrace>
          </exception> <!-- java.lang.AssertionError -->
          <reporter-output>
          </reporter-output>
        </test-method> <!-- dataDrivenTest -->
        <test-method is-config="true" signature="tearDown()[pri:0, instance:testCases.TC003_LoginDatadriven_Factory@1059754c, instance params:[]]" started-at="2025-08-02T20:57:38 IST" name="tearDown" finished-at="2025-08-02T20:57:44 IST" duration-ms="5476" status="PASS">
          <reporter-output>
          </reporter-output>
        </test-method> <!-- tearDown -->
        <test-method is-config="true" signature="setUp(java.lang.String,java.lang.String)[pri:0, instance:testCases.TC003_LoginDatadriven_Factory@48e7b3d2, instance params:[]]" started-at="2025-08-02T20:57:44 IST" name="setUp" finished-at="2025-08-02T20:57:46 IST" duration-ms="2575" status="PASS">
          <params>
            <param index="0">
              <value>
                <![CDATA[Chrome]]>
              </value>
            </param>
            <param index="1">
              <value>
                <![CDATA[Linux]]>
              </value>
            </param>
          </params>
          <reporter-output>
          </reporter-output>
        </test-method> <!-- setUp -->
        <test-method signature="dataDrivenTest()[pri:0, instance:testCases.TC003_LoginDatadriven_Factory@48e7b3d2, instance params:[]]" started-at="2025-08-02T20:57:46 IST" name="dataDrivenTest" finished-at="2025-08-02T20:57:49 IST" duration-ms="2371" status="PASS">
          <reporter-output>
          </reporter-output>
        </test-method> <!-- dataDrivenTest -->
        <test-method is-config="true" signature="tearDown()[pri:0, instance:testCases.TC003_LoginDatadriven_Factory@48e7b3d2, instance params:[]]" started-at="2025-08-02T20:57:49 IST" name="tearDown" finished-at="2025-08-02T20:57:54 IST" duration-ms="5425" status="PASS">
          <reporter-output>
          </reporter-output>
        </test-method> <!-- tearDown -->
        <test-method is-config="true" signature="setUp(java.lang.String,java.lang.String)[pri:0, instance:testCases.TC003_LoginDatadriven_Factory@78f9ed3e, instance params:[]]" started-at="2025-08-02T20:57:54 IST" name="setUp" finished-at="2025-08-02T20:57:57 IST" duration-ms="2814" status="PASS">
          <params>
            <param index="0">
              <value>
                <![CDATA[Chrome]]>
              </value>
            </param>
            <param index="1">
              <value>
                <![CDATA[Linux]]>
              </value>
            </param>
          </params>
          <reporter-output>
          </reporter-output>
        </test-method> <!-- setUp -->
        <test-method signature="dataDrivenTest()[pri:0, instance:testCases.TC003_LoginDatadriven_Factory@78f9ed3e, instance params:[]]" started-at="2025-08-02T20:57:57 IST" name="dataDrivenTest" finished-at="2025-08-02T20:57:59 IST" duration-ms="2226" status="PASS">
          <reporter-output>
          </reporter-output>
        </test-method> <!-- dataDrivenTest -->
        <test-method is-config="true" signature="tearDown()[pri:0, instance:testCases.TC003_LoginDatadriven_Factory@78f9ed3e, instance params:[]]" started-at="2025-08-02T20:57:59 IST" name="tearDown" finished-at="2025-08-02T20:58:05 IST" duration-ms="5462" status="PASS">
          <reporter-output>
          </reporter-output>
        </test-method> <!-- tearDown -->
        <test-method is-config="true" signature="setUp(java.lang.String,java.lang.String)[pri:0, instance:testCases.TC003_LoginDatadriven_Factory@b0964b2, instance params:[]]" started-at="2025-08-02T20:58:05 IST" name="setUp" finished-at="2025-08-02T20:58:08 IST" duration-ms="3081" status="PASS">
          <params>
            <param index="0">
              <value>
                <![CDATA[Chrome]]>
              </value>
            </param>
            <param index="1">
              <value>
                <![CDATA[Linux]]>
              </value>
            </param>
          </params>
          <reporter-output>
          </reporter-output>
        </test-method> <!-- setUp -->
        <test-method signature="dataDrivenTest()[pri:0, instance:testCases.TC003_LoginDatadriven_Factory@b0964b2, instance params:[]]" started-at="2025-08-02T20:58:08 IST" name="dataDrivenTest" finished-at="2025-08-02T20:58:19 IST" duration-ms="11266" status="FAIL">
          <exception class="java.lang.AssertionError">
            <message>
              <![CDATA[expected [true] but found [false]]]>
            </message>
            <full-stacktrace>
              <![CDATA[java.lang.AssertionError: expected [true] but found [false]
at org.testng.Assert.fail(Assert.java:111)
at org.testng.Assert.failNotEquals(Assert.java:1590)
at org.testng.Assert.assertTrue(Assert.java:57)
at org.testng.Assert.assertTrue(Assert.java:67)
at testCases.TC003_LoginDatadriven_Factory.dataDrivenTest(TC003_LoginDatadriven_Factory.java:55)
at java.base/jdk.internal.reflect.DirectMethodHandleAccessor.invoke(DirectMethodHandleAccessor.java:103)
at java.base/java.lang.reflect.Method.invoke(Method.java:580)
at org.testng.internal.invokers.MethodInvocationHelper.invokeMethod(MethodInvocationHelper.java:141)
at org.testng.internal.invokers.TestInvoker.invokeMethod(TestInvoker.java:687)
at org.testng.internal.invokers.TestInvoker.invokeTestMethod(TestInvoker.java:230)
at org.testng.internal.invokers.MethodRunner.runInSequence(MethodRunner.java:63)
at org.testng.internal.invokers.TestInvoker$MethodInvocationAgent.invoke(TestInvoker.java:995)
at org.testng.internal.invokers.TestInvoker.invokeTestMethods(TestInvoker.java:203)
at org.testng.internal.invokers.TestMethodWorker.invokeTestMethods(TestMethodWorker.java:154)
at org.testng.internal.invokers.TestMethodWorker.run(TestMethodWorker.java:134)
at java.base/java.util.ArrayList.forEach(ArrayList.java:1596)
at org.testng.TestRunner.privateRun(TestRunner.java:741)
at org.testng.TestRunner.run(TestRunner.java:616)
at org.testng.SuiteRunner.runTest(SuiteRunner.java:421)
at org.testng.SuiteRunner.runSequentially(SuiteRunner.java:413)
at org.testng.SuiteRunner.privateRun(SuiteRunner.java:373)
at org.testng.SuiteRunner.run(SuiteRunner.java:312)
at org.testng.SuiteRunnerWorker.runSuite(SuiteRunnerWorker.java:52)
at org.testng.SuiteRunnerWorker.run(SuiteRunnerWorker.java:95)
at org.testng.TestNG.runSuitesSequentially(TestNG.java:1274)
at org.testng.TestNG.runSuitesLocally(TestNG.java:1208)
at org.testng.TestNG.runSuites(TestNG.java:1112)
at org.testng.TestNG.run(TestNG.java:1079)
at org.testng.remote.AbstractRemoteTestNG.run(AbstractRemoteTestNG.java:115)
at org.testng.remote.RemoteTestNG.initAndRun(RemoteTestNG.java:293)
at org.testng.remote.RemoteTestNG.main(RemoteTestNG.java:91)
]]>
            </full-stacktrace>
          </exception> <!-- java.lang.AssertionError -->
          <reporter-output>
          </reporter-output>
        </test-method> <!-- dataDrivenTest -->
        <test-method is-config="true" signature="tearDown()[pri:0, instance:testCases.TC003_LoginDatadriven_Factory@b0964b2, instance params:[]]" started-at="2025-08-02T20:58:19 IST" name="tearDown" finished-at="2025-08-02T20:58:24 IST" duration-ms="5447" status="PASS">
          <reporter-output>
          </reporter-output>
        </test-method> <!-- tearDown -->
      </class> <!-- testCases.TC003_LoginDatadriven_Factory -->
    </test> <!-- Test -->
  </suite> <!-- Master Suite -->
</testng-results>
